The system is: Windows - 10.0.19045 - AMD64
Compiling the C compiler identification source file "CMakeCCompilerId.c" succeeded.
Compiler: C:/Work/CLion 2021.3.2/bin/mingw/bin/gcc.exe 
Build flags: 
Id flags:  

The output was:
0


Compilation of the C compiler identification source "CMakeCCompilerId.c" produced "a.exe"

The C compiler identification is GNU, found in "C:/Study/University 4.1/Course_work/Computer_networks/cmake-build-debug/CMakeFiles/3.21.1/CompilerIdC/a.exe"

Compiling the CXX compiler identification source file "CMakeCXXCompilerId.cpp" succeeded.
Compiler: C:/Work/CLion 2021.3.2/bin/mingw/bin/g++.exe 
Build flags: 
Id flags:  

The output was:
0


Compilation of the CXX compiler identification source "CMakeCXXCompilerId.cpp" produced "a.exe"

The CXX compiler identification is GNU, found in "C:/Study/University 4.1/Course_work/Computer_networks/cmake-build-debug/CMakeFiles/3.21.1/CompilerIdCXX/a.exe"

Determining if the C compiler works passed with the following output:
Change Dir: C:/Study/University 4.1/Course_work/Computer_networks/cmake-build-debug/CMakeFiles/CMakeTmp

Run Build Command(s):C:/Work/CLion 2021.3.2/bin/ninja/win/ninja.exe cmTC_ec61e && [1/2] Building C object CMakeFiles/cmTC_ec61e.dir/testCCompiler.c.obj
[2/2] Linking C executable cmTC_ec61e.exe



Determining if the CXX compiler works passed with the following output:
Change Dir: C:/Study/University 4.1/Course_work/Computer_networks/cmake-build-debug/CMakeFiles/CMakeTmp

Run Build Command(s):C:/Work/CLion 2021.3.2/bin/ninja/win/ninja.exe cmTC_71ff5 && [1/2] Building CXX object CMakeFiles/cmTC_71ff5.dir/testCXXCompiler.cxx.obj
[2/2] Linking CXX executable cmTC_71ff5.exe



